c:\users\beals_000\source\repos\project1\project1\debug\vc141.pdb
c:\users\beals_000\source\repos\project1\project1\debug\vc141.idb
c:\users\beals_000\source\repos\project1\project1\debug\update.obj
c:\users\beals_000\source\repos\project1\project1\debug\tinyxml2.obj
c:\users\beals_000\source\repos\project1\project1\debug\spritesheet.obj
c:\users\beals_000\source\repos\project1\project1\debug\eventhandlers.obj
c:\users\beals_000\source\repos\project1\project1\debug\character.obj
c:\users\beals_000\source\repos\project1\project1\debug\main.obj
c:\users\beals_000\source\repos\project1\project1\debug\images.obj
c:\users\beals_000\source\repos\project1\project1\debug\gamewindow.obj
c:\users\beals_000\source\repos\project1\project1\debug\physicsobjects.obj
c:\users\beals_000\source\repos\project1\project1\debug\project1.exe
c:\users\beals_000\source\repos\project1\project1\debug\project1.ilk
c:\users\beals_000\source\repos\project1\project1\debug\project1.pdb
c:\users\beals_000\source\repos\project1\project1\debug\project1.tlog\cl.command.1.tlog
c:\users\beals_000\source\repos\project1\project1\debug\project1.tlog\cl.read.1.tlog
c:\users\beals_000\source\repos\project1\project1\debug\project1.tlog\cl.write.1.tlog
c:\users\beals_000\source\repos\project1\project1\debug\project1.tlog\link.command.1.tlog
c:\users\beals_000\source\repos\project1\project1\debug\project1.tlog\link.read.1.tlog
c:\users\beals_000\source\repos\project1\project1\debug\project1.tlog\link.write.1.tlog
